<?xml version="1.0" encoding="UTF-8"?>
<!-- Generated by org.testng.reporters.JUnitReportReporter -->
<testsuite hostname="DESKTOP-T06S0P0" failures="0" tests="1" name="Suresh.popUp" time="12.867" errors="0" timestamp="2022-06-24T12:09:20 IST" skipped="0">
  <testcase classname="Suresh.popUp" name="HandlingpouUP" time="12.867"/>
  <system-out/>
</testsuite> <!-- Suresh.popUp -->
